import time: self [us] | cumulative | imported package
import time:       169 |        169 | winreg
import time:       174 |        174 |   _io
import time:        23 |         23 |   marshal
import time:       109 |        109 |   nt
import time:       211 |        516 | _frozen_importlib_external
import time:       284 |        284 |   time
import time:        89 |        372 | zipimport
import time:        34 |         34 |     _codecs
import time:       199 |        232 |   codecs
import time:       664 |        664 |   encodings.aliases
import time:       876 |       1772 | encodings
import time:       227 |        227 | encodings.utf_8
import time:        35 |         35 | _signal
import time:        20 |         20 |     _abc
import time:        74 |         93 |   abc
import time:       114 |        207 | io
import time:        46 |         46 |       _stat
import time:        45 |         91 |     stat
import time:       452 |        452 |     _collections_abc
import time:        25 |         25 |       genericpath
import time:        57 |         57 |       _winapi
import time:        48 |        129 |     ntpath
import time:       155 |        825 |   os
import time:        46 |         46 |   _sitebuiltins
import time:    114678 |     114678 |   sitecustomize
import time:    391008 |     506557 | site
import time:       110 |        110 |         itertools
import time:      4455 |       4455 |         keyword
import time:       107 |        107 |           _operator
import time:      7081 |       7187 |         operator
import time:     17778 |      17778 |         reprlib
import time:        70 |         70 |         _collections
import time:     10352 |      39950 |       collections
import time:       279 |        279 |       collections.abc
import time:     16099 |      16099 |         concurrent
import time:      6599 |       6599 |                 types
import time:        92 |         92 |                   _functools
import time:     18003 |      18095 |                 functools
import time:     64956 |      89650 |               enum
import time:        61 |         61 |                 _sre
import time:       316 |        316 |                   re._constants
import time:       398 |        714 |                 re._parser
import time:       223 |        223 |                 re._casefix
import time:       529 |       1526 |               re._compiler
import time:      8365 |       8365 |               copyreg
import time:     14734 |     114274 |             re
import time:     17513 |      17513 |                   token
import time:        45 |         45 |                   _tokenize
import time:     11568 |      29125 |                 tokenize
import time:      7441 |      36566 |               linecache
import time:      8471 |       8471 |               textwrap
import time:     13251 |      13251 |               contextlib
import time:     10694 |      68981 |             traceback
import time:     21045 |      21045 |             warnings
import time:     19249 |      19249 |               _weakrefset
import time:     16286 |      35534 |             weakref
import time:        35 |         35 |               _string
import time:     13247 |      13281 |             string
import time:     35514 |      35514 |             threading
import time:        43 |         43 |             atexit
import time:     23137 |     311807 |           logging
import time:       676 |     312482 |         concurrent.futures._base
import time:       322 |     328903 |       concurrent.futures
import time:        44 |         44 |         _heapq
import time:     28412 |      28455 |       heapq
import time:     17467 |      17467 |         _socket
import time:        58 |         58 |           math
import time:     20394 |      20394 |           select
import time:      6658 |      27110 |         selectors
import time:        77 |         77 |         errno
import time:     13844 |      58496 |       socket
import time:        46 |         46 |           _locale
import time:      8629 |       8675 |         locale
import time:     28910 |      28910 |         signal
import time:     61089 |      61089 |         fcntl
import time:        53 |         53 |         msvcrt
import time:     23884 |     122608 |       subprocess
import time:     14396 |      14396 |         _ssl
import time:       141 |        141 |             _struct
import time:     13713 |      13853 |           struct
import time:        55 |         55 |           binascii
import time:     56009 |      69917 |         base64
import time:      6924 |      91235 |       ssl
import time:       602 |        602 |       asyncio.constants
import time:       860 |        860 |             _ast
import time:     10004 |      10863 |           ast
import time:        50 |         50 |               _opcode
import time:     12087 |      12137 |             opcode
import time:      8441 |      20577 |           dis
import time:      4088 |       4088 |             importlib
import time:        59 |       4146 |           importlib.machinery
import time:     13978 |      49562 |         inspect
import time:       265 |      49827 |       asyncio.coroutines
import time:        40 |         40 |           _contextvars
import time:     17103 |      17142 |         contextvars
import time:       213 |        213 |         asyncio.format_helpers
import time:       241 |        241 |           asyncio.base_futures
import time:       248 |        248 |           asyncio.exceptions
import time:       233 |        233 |           asyncio.base_tasks
import time:     13024 |      13744 |         _asyncio
import time:       514 |      31612 |       asyncio.events
import time:       350 |        350 |       asyncio.futures
import time:       241 |        241 |       asyncio.protocols
import time:       263 |        263 |         asyncio.transports
import time:       269 |        269 |         asyncio.log
import time:       708 |       1239 |       asyncio.sslproto
import time:        37 |         37 |           _typing
import time:      7032 |       7068 |         typing
import time:       246 |        246 |           asyncio.mixins
import time:       552 |        798 |         asyncio.locks
import time:       438 |        438 |           asyncio.timeouts
import time:       571 |       1009 |         asyncio.tasks
import time:       498 |       9372 |       asyncio.staggered
import time:       262 |        262 |       asyncio.trsock
import time:      1199 |     764624 |     asyncio.base_events
import time:       319 |        319 |     asyncio.runners
import time:       350 |        350 |     asyncio.queues
import time:       409 |        409 |     asyncio.streams
import time:       310 |        310 |     asyncio.subprocess
import time:       248 |        248 |     asyncio.taskgroups
import time:       242 |        242 |     asyncio.threads
import time:      9616 |       9616 |       _overlapped
import time:       314 |        314 |       asyncio.base_subprocess
import time:       564 |        564 |       asyncio.proactor_events
import time:       664 |        664 |       asyncio.selector_events
import time:     43802 |      43802 |                 posix
import time:        85 |      43887 |               posixpath
import time:     15663 |      59549 |             fnmatch
import time:       105 |        105 |             zlib
import time:      7762 |       7762 |               _compression
import time:      7874 |       7874 |               _bz2
import time:     25752 |      41387 |             bz2
import time:     10881 |      10881 |               _lzma
import time:     11442 |      22323 |             lzma
import time:     12211 |     135573 |           shutil
import time:        42 |         42 |               _bisect
import time:      2483 |       2525 |             bisect
import time:        35 |         35 |             _random
import time:        36 |         36 |             _sha2
import time:      8215 |      10809 |           random
import time:     16756 |     163137 |         tempfile
import time:       326 |     163463 |       asyncio.windows_utils
import time:       584 |     175202 |     asyncio.windows_events
import time:     13423 |     955122 |   asyncio
import time:     89898 |      89898 |     aiogram.dispatcher
import time:      7061 |       7061 |       copy
import time:     11624 |      18684 |     dataclasses
import time:     68003 |      68003 |         magic_filter.operations.base
import time:     60878 |      60878 |           magic_filter.exceptions
import time:     34583 |      95460 |         magic_filter.operations.call
import time:     96335 |      96335 |         magic_filter.operations.cast
import time:     89499 |      89499 |           magic_filter.helper
import time:     78764 |     168263 |         magic_filter.operations.combination
import time:     49550 |      49550 |         magic_filter.operations.comparator
import time:    104702 |     104702 |         magic_filter.operations.extract
import time:     95767 |      95767 |         magic_filter.operations.function
import time:    100660 |     100660 |         magic_filter.operations.getattr
import time:     68888 |      68888 |         magic_filter.operations.getitem
import time:     88076 |      88076 |         magic_filter.operations.selector
import time:    111353 |    1047053 |       magic_filter.operations
import time:     94160 |      94160 |       magic_filter.attrdict
import time:    105113 |     105113 |         magic_filter.util
import time:    103633 |     208745 |       magic_filter.magic
import time:    170650 |    1520606 |     magic_filter
import time:     77680 |    1706867 |   aiogram.dispatcher.flags
import time:    107750 |     107750 |     aiogram.enums.bot_command_scope_type
import time:     93926 |      93926 |     aiogram.enums.chat_action
import time:    100242 |     100242 |     aiogram.enums.chat_boost_source_type
import time:     87467 |      87467 |     aiogram.enums.chat_member_status
import time:    108414 |     108414 |     aiogram.enums.chat_type
import time:     92769 |      92769 |     aiogram.enums.content_type
import time:     85264 |      85264 |     aiogram.enums.currency
import time:     75632 |      75632 |     aiogram.enums.dice_emoji
import time:     77012 |      77012 |     aiogram.enums.encrypted_passport_element
import time:    100281 |     100281 |     aiogram.enums.inline_query_result_type
import time:    147042 |     147042 |     aiogram.enums.input_media_type
import time:     73429 |      73429 |     aiogram.enums.input_paid_media_type
import time:     68146 |      68146 |     aiogram.enums.input_profile_photo_type
import time:     80393 |      80393 |     aiogram.enums.input_story_content_type
import time:     93506 |      93506 |     aiogram.enums.keyboard_button_poll_type_type
import time:     78292 |      78292 |     aiogram.enums.mask_position_point
import time:     76159 |      76159 |     aiogram.enums.menu_button_type
import time:     71242 |      71242 |     aiogram.enums.message_entity_type
import time:     86285 |      86285 |     aiogram.enums.message_origin_type
import time:     48588 |      48588 |     aiogram.enums.owned_gift_type
import time:     68025 |      68025 |     aiogram.enums.paid_media_type
import time:     69150 |      69150 |     aiogram.enums.parse_mode
import time:     38303 |      38303 |     aiogram.enums.passport_element_error_type
import time:     65835 |      65835 |     aiogram.enums.poll_type
import time:     98203 |      98203 |     aiogram.enums.reaction_type_type
import time:     80000 |      80000 |     aiogram.enums.revenue_withdrawal_state_type
import time:     76737 |      76737 |     aiogram.enums.sticker_format
import time:     80623 |      80623 |     aiogram.enums.sticker_type
import time:     65293 |      65293 |     aiogram.enums.story_area_type_type
import time:     71076 |      71076 |     aiogram.enums.topic_icon_color
import time:     42685 |      42685 |     aiogram.enums.transaction_partner_type
import time:     76297 |      76297 |     aiogram.enums.transaction_partner_user_transaction_type_enum
import time:     74525 |      74525 |     aiogram.enums.update_type
import time:    156042 |    2814617 |   aiogram.enums
import time:      4356 |       4356 |       __future__
import time:       376 |        376 |                   unittest.util
import time:       477 |        853 |                 unittest.result
import time:      9693 |       9693 |                   difflib
import time:     13227 |      13227 |                   pprint
import time:       667 |      23585 |                 unittest.case
import time:       325 |        325 |                 unittest.suite
import time:      1364 |       1364 |                 unittest.loader
import time:     24558 |      24558 |                     gettext
import time:      9469 |      34027 |                   argparse
import time:       197 |        197 |                     unittest.signals
import time:       301 |        497 |                   unittest.runner
import time:       281 |      34804 |                 unittest.main
import time:     22282 |      83211 |               unittest
import time:       319 |        319 |                   importlib._abc
import time:       118 |        437 |                 importlib.util
import time:     83579 |      84015 |               pkgutil
import time:      1455 |     168681 |             unittest.mock
import time:       111 |        111 |                         _datetime
import time:     12740 |      12850 |                       datetime
import time:   1172330 |    1185179 |                     pydantic_core._pydantic_core
import time:     21492 |      21492 |                           numbers
import time:     14526 |      36018 |                         _decimal
import time:     19274 |      55292 |                       decimal
import time:    117148 |     117148 |                       typing_extensions
import time:     94770 |     267209 |                     pydantic_core.core_schema
import time:    151006 |    1603394 |                   pydantic_core
import time:    110366 |    1713759 |                 pydantic.version
import time:    185652 |    1899411 |               pydantic._migration
import time:    186038 |     186038 |                   typing_inspection
import time:    164900 |     164900 |                   typing_inspection.typing_objects
import time:    197502 |     548440 |                 typing_inspection.introspection
import time:     88706 |      88706 |                 pydantic._internal
import time:     71798 |      71798 |                     pydantic._internal._namespace_utils
import time:     53475 |     125273 |                   pydantic._internal._typing_extra
import time:    105018 |     230290 |                 pydantic._internal._repr
import time:     94248 |     961683 |               pydantic.errors
import time:    128682 |    2989775 |             pydantic
import time:    107142 |     107142 |                 pydantic._internal._internal_dataclass
import time:    103992 |     211133 |               pydantic.aliases
import time:     74630 |      74630 |               pydantic.config
import time:    128269 |     414031 |             pydantic._internal._config
import time:    168969 |     168969 |               pydantic._internal._core_utils
import time:     99382 |      99382 |                 pydantic._internal._import_utils
import time:    143931 |     243312 |               pydantic._internal._utils
import time:     91243 |     503524 |             pydantic._internal._decorators
import time:     91154 |      91154 |                 pydantic._internal._forward_ref
import time:     91882 |     183036 |               pydantic._internal._generics
import time:     67192 |      67192 |               pydantic._internal._docs_extraction
import time:     78653 |     328880 |             pydantic._internal._fields
import time:    127863 |     127863 |                 pydantic.plugin
import time:    125363 |     253225 |               pydantic.plugin._schema_validator
import time:     82037 |     335262 |             pydantic._internal._mock_val_ser
import time:      8679 |       8679 |                     urllib
import time:     10118 |      10118 |                     ipaddress
import time:      1154 |      19950 |                   urllib.parse
import time:      9695 |      29644 |                 pathlib
import time:     11879 |      11879 |                 fractions
import time:      5572 |       5572 |                   _uuid
import time:     18129 |      23701 |                 uuid
import time:     19796 |      19796 |                     sysconfig
import time:     20957 |      40752 |                   zoneinfo._tzpath
import time:       326 |        326 |                   zoneinfo._common
import time:     31202 |      31202 |                   _zoneinfo
import time:     14993 |      87273 |                 zoneinfo
import time:     68937 |      68937 |                 pydantic.annotated_handlers
import time:     45843 |      45843 |                 pydantic.functional_validators
import time:     78325 |      78325 |                   pydantic._internal._core_metadata
import time:     79213 |      79213 |                   pydantic._internal._schema_generation_shared
import time:     89092 |     246629 |                 pydantic.json_schema
import time:     89706 |      89706 |                 pydantic._internal._discriminated_union
import time:     95134 |      95134 |                 pydantic._internal._known_annotated_metadata
import time:     62274 |      62274 |                 pydantic._internal._schema_gather
import time:     81685 |     842700 |               pydantic._internal._generate_schema
import time:     92255 |      92255 |               pydantic._internal._signature
import time:     46796 |     981751 |             pydantic._internal._model_construction
import time:    111978 |     111978 |               aiogram.client
import time:    191929 |     191929 |               annotated_types
import time:    125096 |     125096 |               pydantic._internal._validators
import time:    219230 |     219230 |               pydantic.types
import time:        76 |         76 |                     _csv
import time:     11560 |      11636 |                   csv
import time:      7143 |       7143 |                   email
import time:       360 |        360 |                       zipfile._path.glob
import time:       878 |       1237 |                     zipfile._path
import time:     20272 |      21509 |                   zipfile
import time:     18886 |      18886 |                       quopri
import time:     16034 |      16034 |                           calendar
import time:       334 |      16367 |                         email._parseaddr
import time:       214 |        214 |                           email.base64mime
import time:       590 |        590 |                           email.quoprimime
import time:       396 |        396 |                           email.errors
import time:       191 |        191 |                           email.encoders
import time:       371 |       1760 |                         email.charset
import time:       522 |      18648 |                       email.utils
import time:       606 |        606 |                         email.header
import time:       338 |        943 |                       email._policybase
import time:       374 |        374 |                       email._encoded_words
import time:       191 |        191 |                       email.iterators
import time:       651 |      39691 |                     email.message
import time:       199 |        199 |                       importlib.metadata._functools
import time:       248 |        447 |                     importlib.metadata._text
import time:       410 |      40547 |                   importlib.metadata._adapters
import time:       513 |        513 |                   importlib.metadata._meta
import time:       333 |        333 |                   importlib.metadata._collections
import time:       227 |        227 |                   importlib.metadata._itertools
import time:       491 |        491 |                         importlib.resources.abc
import time:       348 |        348 |                         importlib.resources._adapters
import time:       484 |       1322 |                       importlib.resources._common
import time:       247 |        247 |                       importlib.resources._legacy
import time:       251 |       1819 |                     importlib.resources
import time:       424 |       2243 |                   importlib.abc
import time:      1212 |      85360 |                 importlib.metadata
import time:    105242 |     190601 |               pydantic.plugin._loader
import time:   1095208 |    1934040 |             aiogram.client.context_controller
import time:     86688 |      86688 |                 aiogram.utils
import time:    100524 |     187211 |               aiogram.utils.dataclass
import time:     72783 |     259994 |             aiogram.client.default
import time:    313098 |    8229032 |           aiogram.types.base
import time:    149610 |    8378641 |         aiogram.types.accepted_gift_types
import time:     79745 |      79745 |         aiogram.types.affiliate_info
import time:     50204 |      50204 |         aiogram.types.animation
import time:     60501 |      60501 |         aiogram.types.audio
import time:     52575 |      52575 |         aiogram.types.background_fill
import time:     84056 |      84056 |         aiogram.types.background_fill_freeform_gradient
import time:     56086 |      56086 |         aiogram.types.background_fill_gradient
import time:     40445 |      40445 |         aiogram.types.background_fill_solid
import time:     59623 |      59623 |         aiogram.types.background_fill_union
import time:     50959 |      50959 |         aiogram.types.background_type
import time:     54746 |      54746 |         aiogram.types.background_type_chat_theme
import time:     48869 |      48869 |         aiogram.types.background_type_fill
import time:     58383 |      58383 |         aiogram.types.background_type_pattern
import time:     83375 |      83375 |           aiogram.types.background_type_wallpaper
import time:     40320 |     123695 |         aiogram.types.background_type_union
import time:     30667 |      30667 |         aiogram.types.birthdate
import time:    100782 |     100782 |         aiogram.types.bot_command
import time:     80236 |      80236 |         aiogram.types.bot_command_scope
import time:     50879 |      50879 |         aiogram.types.bot_command_scope_all_chat_administrators
import time:     70399 |      70399 |         aiogram.types.bot_command_scope_all_group_chats
import time:     62216 |      62216 |         aiogram.types.bot_command_scope_all_private_chats
import time:     67978 |      67978 |         aiogram.types.bot_command_scope_chat
import time:     88464 |      88464 |         aiogram.types.bot_command_scope_chat_administrators
import time:    120078 |     120078 |         aiogram.types.bot_command_scope_chat_member
import time:     93105 |      93105 |         aiogram.types.bot_command_scope_default
import time:     69211 |      69211 |         aiogram.types.bot_command_scope_union
import time:     87018 |      87018 |         aiogram.types.bot_description
import time:    124010 |     124010 |         aiogram.types.bot_name
import time:     88131 |      88131 |         aiogram.types.bot_short_description
import time:     66357 |      66357 |         aiogram.types.business_bot_rights
import time:    201432 |     201432 |           aiogram.types.custom
import time:     61662 |     263093 |         aiogram.types.business_connection
import time:     72697 |      72697 |         aiogram.types.business_intro
import time:    116721 |     116721 |         aiogram.types.business_location
import time:     92917 |      92917 |         aiogram.types.business_messages_deleted
import time:    119586 |     119586 |         aiogram.types.business_opening_hours
import time:    173158 |     173158 |         aiogram.types.business_opening_hours_interval
import time:    258226 |     258226 |         aiogram.types.callback_game
import time:    104728 |     104728 |         aiogram.types.callback_query
import time:    122450 |     122450 |         aiogram.types.chat
import time:    129072 |     129072 |         aiogram.types.chat_administrator_rights
import time:    211555 |     211555 |         aiogram.types.chat_background
import time:    142256 |     142256 |         aiogram.types.chat_boost
import time:     71227 |      71227 |         aiogram.types.chat_boost_added
import time:     85226 |      85226 |         aiogram.types.chat_boost_removed
import time:    108214 |     108214 |         aiogram.types.chat_boost_source
import time:    112291 |     112291 |         aiogram.types.chat_boost_source_gift_code
import time:     70549 |      70549 |         aiogram.types.chat_boost_source_giveaway
import time:     66256 |      66256 |         aiogram.types.chat_boost_source_premium
import time:    106212 |     106212 |         aiogram.types.chat_boost_source_union
import time:     81480 |      81480 |         aiogram.types.chat_boost_updated
import time:    119619 |     119619 |         aiogram.types.chat_full_info
import time:     77563 |      77563 |         aiogram.types.chat_id_union
import time:     87654 |      87654 |         aiogram.types.chat_invite_link
import time:     73848 |      73848 |         aiogram.types.chat_join_request
import time:    100197 |     100197 |         aiogram.types.chat_location
import time:    109817 |     109817 |         aiogram.types.chat_member
import time:     80573 |      80573 |         aiogram.types.chat_member_administrator
import time:     86684 |      86684 |         aiogram.types.chat_member_banned
import time:     96293 |      96293 |         aiogram.types.chat_member_left
import time:     67807 |      67807 |         aiogram.types.chat_member_member
import time:     78027 |      78027 |         aiogram.types.chat_member_owner
import time:     63994 |      63994 |         aiogram.types.chat_member_restricted
import time:     65454 |      65454 |         aiogram.types.chat_member_union
import time:    122021 |     122021 |         aiogram.types.chat_member_updated
import time:     98370 |      98370 |         aiogram.types.chat_permissions
import time:     76180 |      76180 |         aiogram.types.chat_photo
import time:     58180 |      58180 |         aiogram.types.chat_shared
import time:    109466 |     109466 |         aiogram.types.checklist
import time:    152379 |     152379 |         aiogram.types.checklist_task
import time:    110611 |     110611 |         aiogram.types.checklist_tasks_added
import time:     98516 |      98516 |         aiogram.types.checklist_tasks_done
import time:    104727 |     104727 |         aiogram.types.chosen_inline_result
import time:     88131 |      88131 |         aiogram.types.contact
import time:     76071 |      76071 |         aiogram.types.copy_text_button
import time:    110925 |     110925 |         aiogram.types.date_time_union
import time:     80119 |      80119 |         aiogram.types.dice
import time:     58816 |      58816 |         aiogram.types.direct_message_price_changed
import time:     94166 |      94166 |         aiogram.types.direct_messages_topic
import time:    150674 |     150674 |         aiogram.types.document
import time:     70087 |      70087 |         aiogram.types.downloadable
import time:     87695 |      87695 |         aiogram.types.encrypted_credentials
import time:     92652 |      92652 |         aiogram.types.encrypted_passport_element
import time:    107322 |     107322 |         aiogram.types.error_event
import time:    106229 |     106229 |         aiogram.types.external_reply_info
import time:    117848 |     117848 |         aiogram.types.file
import time:    115335 |     115335 |         aiogram.types.force_reply
import time:     92426 |      92426 |         aiogram.types.forum_topic
import time:    108649 |     108649 |         aiogram.types.forum_topic_closed
import time:     69307 |      69307 |         aiogram.types.forum_topic_created
import time:     91577 |      91577 |         aiogram.types.forum_topic_edited
import time:    156709 |     156709 |         aiogram.types.forum_topic_reopened
import time:    153613 |     153613 |         aiogram.types.game
import time:     62634 |      62634 |         aiogram.types.game_high_score
import time:     65002 |      65002 |         aiogram.types.general_forum_topic_hidden
import time:     64063 |      64063 |         aiogram.types.general_forum_topic_unhidden
import time:    113175 |     113175 |         aiogram.types.gift
import time:    138434 |     138434 |         aiogram.types.gift_info
import time:     65231 |      65231 |         aiogram.types.gifts
import time:    185956 |     185956 |         aiogram.types.giveaway
import time:     84274 |      84274 |         aiogram.types.giveaway_completed
import time:    176149 |     176149 |         aiogram.types.giveaway_created
import time:    113855 |     113855 |         aiogram.types.giveaway_winners
import time:    116237 |     116237 |           aiogram.types.maybe_inaccessible_message
import time:    104647 |     104647 |           aiogram.types.reply_parameters
import time:    120750 |     341633 |         aiogram.types.inaccessible_message
import time:     88806 |      88806 |         aiogram.types.inline_keyboard_button
import time:     88412 |      88412 |         aiogram.types.inline_keyboard_markup
import time:     79040 |      79040 |         aiogram.types.inline_query
import time:    123636 |     123636 |         aiogram.types.inline_query_result
import time:    134371 |     134371 |         aiogram.types.inline_query_result_article
import time:     97527 |      97527 |         aiogram.types.inline_query_result_audio
import time:     50654 |      50654 |         aiogram.types.inline_query_result_cached_audio
import time:     63789 |      63789 |         aiogram.types.inline_query_result_cached_document
import time:     85581 |      85581 |         aiogram.types.inline_query_result_cached_gif
import time:     99099 |      99099 |         aiogram.types.inline_query_result_cached_mpeg4_gif
import time:     68521 |      68521 |         aiogram.types.inline_query_result_cached_photo
import time:     55092 |      55092 |         aiogram.types.inline_query_result_cached_sticker
import time:     93080 |      93080 |         aiogram.types.inline_query_result_cached_video
import time:    132148 |     132148 |         aiogram.types.inline_query_result_cached_voice
import time:     73197 |      73197 |         aiogram.types.inline_query_result_contact
import time:     74949 |      74949 |         aiogram.types.inline_query_result_document
import time:    104043 |     104043 |         aiogram.types.inline_query_result_game
import time:    146655 |     146655 |         aiogram.types.inline_query_result_gif
import time:     50322 |      50322 |         aiogram.types.inline_query_result_location
import time:    141457 |     141457 |         aiogram.types.inline_query_result_mpeg4_gif
import time:    113659 |     113659 |         aiogram.types.inline_query_result_photo
import time:     92273 |      92273 |           aiogram.types.inline_query_result_venue
import time:     59403 |      59403 |           aiogram.types.inline_query_result_video
import time:     92827 |      92827 |           aiogram.types.inline_query_result_voice
import time:     93988 |     338489 |         aiogram.types.inline_query_result_union
import time:     89309 |      89309 |         aiogram.types.inline_query_results_button
import time:    104425 |     104425 |         aiogram.types.input_checklist
import time:    103842 |     103842 |         aiogram.types.input_checklist_task
import time:    140422 |     140422 |           aiogram.types.input_message_content
import time:    123259 |     263681 |         aiogram.types.input_contact_message_content
import time:     42954 |      42954 |               aiofiles.base
import time:     49954 |      49954 |                 aiofiles.threadpool.utils
import time:     89142 |     139095 |               aiofiles.threadpool.binary
import time:     24422 |      24422 |               aiofiles.threadpool.text
import time:    122033 |     328502 |             aiofiles.threadpool
import time:     92704 |      92704 |               aiofiles.tempfile.temptypes
import time:     92002 |     184706 |             aiofiles.tempfile
import time:    121000 |     634207 |           aiofiles
import time:    128889 |     763096 |         aiogram.types.input_file
import time:     90973 |      90973 |         aiogram.types.input_file_union
import time:     55015 |      55015 |         aiogram.types.input_invoice_message_content
import time:     82645 |      82645 |         aiogram.types.input_location_message_content
import time:     84042 |      84042 |         aiogram.types.input_media
import time:    108600 |     108600 |         aiogram.types.input_media_animation
import time:     73097 |      73097 |         aiogram.types.input_media_audio
import time:     59582 |      59582 |         aiogram.types.input_media_document
import time:     86475 |      86475 |         aiogram.types.input_media_photo
import time:     45079 |      45079 |           aiogram.types.input_media_video
import time:     64524 |     109603 |         aiogram.types.input_media_union
import time:     96367 |      96367 |           aiogram.types.input_text_message_content
import time:     71136 |      71136 |           aiogram.types.input_venue_message_content
import time:     70841 |     238343 |         aiogram.types.input_message_content_union
import time:     69699 |      69699 |         aiogram.types.input_paid_media
import time:     55494 |      55494 |         aiogram.types.input_paid_media_photo
import time:    125799 |     125799 |           aiogram.types.input_paid_media_video
import time:     44826 |     170625 |         aiogram.types.input_paid_media_union
import time:     88565 |      88565 |         aiogram.types.input_poll_option
import time:    110459 |     110459 |         aiogram.types.input_poll_option_union
import time:     77648 |      77648 |         aiogram.types.input_profile_photo
import time:    168181 |     168181 |         aiogram.types.input_profile_photo_animated
import time:     95695 |      95695 |         aiogram.types.input_profile_photo_static
import time:    110923 |     110923 |         aiogram.types.input_profile_photo_union
import time:     81405 |      81405 |         aiogram.types.input_sticker
import time:    118102 |     118102 |         aiogram.types.input_story_content
import time:     79551 |      79551 |         aiogram.types.input_story_content_photo
import time:    157160 |     157160 |           aiogram.types.input_story_content_video
import time:    104534 |     261694 |         aiogram.types.input_story_content_union
import time:     75757 |      75757 |         aiogram.types.invoice
import time:    185056 |     185056 |         aiogram.types.keyboard_button
import time:    165840 |     165840 |         aiogram.types.keyboard_button_poll_type
import time:    133369 |     133369 |         aiogram.types.keyboard_button_request_chat
import time:     91039 |      91039 |         aiogram.types.keyboard_button_request_user
import time:    121214 |     121214 |         aiogram.types.keyboard_button_request_users
import time:    137806 |     137806 |         aiogram.types.labeled_price
import time:     96480 |      96480 |         aiogram.types.link_preview_options
import time:    124018 |     124018 |         aiogram.types.location
import time:     53189 |      53189 |         aiogram.types.location_address
import time:     67042 |      67042 |         aiogram.types.login_url
import time:     71303 |      71303 |         aiogram.types.mask_position
import time:      1002 |       1002 |                 html.entities
import time:      7326 |       8327 |               html
import time:     88380 |      96706 |             aiogram.utils.text_decorations
import time:    105171 |     201876 |           aiogram.types.message
import time:    115012 |     316888 |         aiogram.types.maybe_inaccessible_message_union
import time:     58991 |      58991 |         aiogram.types.media_union
import time:     49636 |      49636 |         aiogram.types.menu_button
import time:     87058 |      87058 |         aiogram.types.menu_button_commands
import time:    111576 |     111576 |         aiogram.types.menu_button_default
import time:     67269 |      67269 |           aiogram.types.menu_button_web_app
import time:    124291 |     191560 |         aiogram.types.menu_button_union
import time:     53012 |      53012 |         aiogram.types.message_auto_delete_timer_changed
import time:     29320 |      29320 |         aiogram.types.message_entity
import time:     68135 |      68135 |         aiogram.types.message_id
import time:     68454 |      68454 |         aiogram.types.message_origin
import time:    127331 |     127331 |         aiogram.types.message_origin_channel
import time:     52547 |      52547 |         aiogram.types.message_origin_chat
import time:     74202 |      74202 |         aiogram.types.message_origin_hidden_user
import time:     36291 |      36291 |           aiogram.types.message_origin_user
import time:    100095 |     136386 |         aiogram.types.message_origin_union
import time:     28298 |      28298 |         aiogram.types.message_reaction_count_updated
import time:     50363 |      50363 |         aiogram.types.message_reaction_updated
import time:    115598 |     115598 |         aiogram.types.order_info
import time:    138937 |     138937 |         aiogram.types.owned_gift
import time:    725669 |     725669 |         aiogram.types.owned_gift_regular
import time:    115544 |     115544 |           aiogram.types.owned_gift_unique
import time:     77080 |     192624 |         aiogram.types.owned_gift_union
import time:    116622 |     116622 |         aiogram.types.owned_gifts
import time:    118084 |     118084 |         aiogram.types.paid_media
import time:     61912 |      61912 |         aiogram.types.paid_media_info
import time:     80860 |      80860 |         aiogram.types.paid_media_photo
import time:    116684 |     116684 |         aiogram.types.paid_media_preview
import time:     81567 |      81567 |         aiogram.types.paid_media_purchased
import time:     60182 |      60182 |           aiogram.types.paid_media_video
import time:     68852 |     129033 |         aiogram.types.paid_media_union
import time:     62974 |      62974 |         aiogram.types.paid_message_price_changed
import time:    145952 |     145952 |         aiogram.types.passport_data
import time:    117022 |     117022 |         aiogram.types.passport_element_error
import time:    126482 |     126482 |         aiogram.types.passport_element_error_data_field
import time:    111793 |     111793 |         aiogram.types.passport_element_error_file
import time:     74763 |      74763 |         aiogram.types.passport_element_error_files
import time:    104375 |     104375 |         aiogram.types.passport_element_error_front_side
import time:    110240 |     110240 |         aiogram.types.passport_element_error_reverse_side
import time:     83064 |      83064 |         aiogram.types.passport_element_error_selfie
import time:     82257 |      82257 |         aiogram.types.passport_element_error_translation_file
import time:     72655 |      72655 |         aiogram.types.passport_element_error_translation_files
import time:     65283 |      65283 |           aiogram.types.passport_element_error_unspecified
import time:     96209 |     161491 |         aiogram.types.passport_element_error_union
import time:     33094 |      33094 |         aiogram.types.passport_file
import time:    140010 |     140010 |         aiogram.types.photo_size
import time:     78838 |      78838 |         aiogram.types.poll
import time:     71723 |      71723 |         aiogram.types.poll_answer
import time:     76407 |      76407 |         aiogram.types.poll_option
import time:    103747 |     103747 |         aiogram.types.pre_checkout_query
import time:    158652 |     158652 |         aiogram.types.prepared_inline_message
import time:    100077 |     100077 |         aiogram.types.proximity_alert_triggered
import time:     37721 |      37721 |         aiogram.types.reaction_count
import time:     32127 |      32127 |         aiogram.types.reaction_type
import time:     54774 |      54774 |         aiogram.types.reaction_type_custom_emoji
import time:     73491 |      73491 |         aiogram.types.reaction_type_emoji
import time:     72212 |      72212 |         aiogram.types.reaction_type_paid
import time:     55892 |      55892 |         aiogram.types.reaction_type_union
import time:     74562 |      74562 |         aiogram.types.refunded_payment
import time:    104632 |     104632 |         aiogram.types.reply_keyboard_markup
import time:     49388 |      49388 |         aiogram.types.reply_keyboard_remove
import time:    100674 |     100674 |         aiogram.types.reply_markup_union
import time:    104700 |     104700 |         aiogram.types.response_parameters
import time:    120018 |     120018 |         aiogram.types.result_chat_member_union
import time:     96876 |      96876 |         aiogram.types.result_menu_button_union
import time:    138993 |     138993 |         aiogram.types.revenue_withdrawal_state
import time:    106620 |     106620 |         aiogram.types.revenue_withdrawal_state_failed
import time:    213842 |     213842 |         aiogram.types.revenue_withdrawal_state_pending
import time:     74437 |      74437 |         aiogram.types.revenue_withdrawal_state_succeeded
import time:     77429 |      77429 |         aiogram.types.revenue_withdrawal_state_union
import time:    145601 |     145601 |         aiogram.types.sent_web_app_message
import time:    170240 |     170240 |         aiogram.types.shared_user
import time:     72639 |      72639 |         aiogram.types.shipping_address
import time:    161903 |     161903 |         aiogram.types.shipping_option
import time:     89222 |      89222 |         aiogram.types.shipping_query
import time:     74324 |      74324 |         aiogram.types.star_amount
import time:     98362 |      98362 |         aiogram.types.star_transaction
import time:     88515 |      88515 |         aiogram.types.star_transactions
import time:    112427 |     112427 |         aiogram.types.sticker
import time:     71037 |      71037 |         aiogram.types.sticker_set
import time:     99365 |      99365 |         aiogram.types.story
import time:     94343 |      94343 |         aiogram.types.story_area
import time:     59711 |      59711 |         aiogram.types.story_area_position
import time:     44692 |      44692 |         aiogram.types.story_area_type
import time:     45607 |      45607 |         aiogram.types.story_area_type_link
import time:     25172 |      25172 |         aiogram.types.story_area_type_location
import time:     68505 |      68505 |         aiogram.types.story_area_type_suggested_reaction
import time:    106072 |     106072 |           aiogram.types.story_area_type_unique_gift
import time:     46079 |      46079 |           aiogram.types.story_area_type_weather
import time:     85619 |     237768 |         aiogram.types.story_area_type_union
import time:     76126 |      76126 |         aiogram.types.successful_payment
import time:     57368 |      57368 |         aiogram.types.suggested_post_approval_failed
import time:     76897 |      76897 |         aiogram.types.suggested_post_approved
import time:    117211 |     117211 |         aiogram.types.suggested_post_declined
import time:     54688 |      54688 |         aiogram.types.suggested_post_info
import time:     56802 |      56802 |         aiogram.types.suggested_post_paid
import time:     41414 |      41414 |         aiogram.types.suggested_post_parameters
import time:     48121 |      48121 |         aiogram.types.suggested_post_price
import time:     45633 |      45633 |         aiogram.types.suggested_post_refunded
import time:     67901 |      67901 |         aiogram.types.switch_inline_query_chosen_chat
import time:     55995 |      55995 |         aiogram.types.text_quote
import time:    106905 |     106905 |         aiogram.types.transaction_partner
import time:     88592 |      88592 |         aiogram.types.transaction_partner_affiliate_program
import time:    138142 |     138142 |         aiogram.types.transaction_partner_chat
import time:     63426 |      63426 |         aiogram.types.transaction_partner_fragment
import time:     54146 |      54146 |         aiogram.types.transaction_partner_other
import time:     78612 |      78612 |         aiogram.types.transaction_partner_telegram_ads
import time:     61955 |      61955 |         aiogram.types.transaction_partner_telegram_api
import time:     88585 |      88585 |           aiogram.types.transaction_partner_user
import time:    106245 |     194829 |         aiogram.types.transaction_partner_union
import time:    125286 |     125286 |         aiogram.types.unique_gift
import time:     71181 |      71181 |         aiogram.types.unique_gift_backdrop
import time:    101579 |     101579 |         aiogram.types.unique_gift_backdrop_colors
import time:    111614 |     111614 |         aiogram.types.unique_gift_info
import time:    125234 |     125234 |         aiogram.types.unique_gift_model
import time:     76928 |      76928 |         aiogram.types.unique_gift_symbol
import time:    159337 |     159337 |           aiogram.utils.mypy_hacks
import time:     85945 |     245282 |         aiogram.types.update
import time:     92186 |      92186 |           aiogram.utils.markdown
import time:     69462 |      69462 |           aiogram.utils.link
import time:     75851 |     237498 |         aiogram.types.user
import time:     86013 |      86013 |         aiogram.types.user_chat_boosts
import time:     63249 |      63249 |         aiogram.types.user_profile_photos
import time:    178660 |     178660 |         aiogram.types.user_shared
import time:     78012 |      78012 |         aiogram.types.users_shared
import time:    100859 |     100859 |         aiogram.types.venue
import time:     57509 |      57509 |         aiogram.types.video
import time:     59126 |      59126 |         aiogram.types.video_chat_ended
import time:     68314 |      68314 |         aiogram.types.video_chat_participants_invited
import time:     55675 |      55675 |         aiogram.types.video_chat_scheduled
import time:     76851 |      76851 |         aiogram.types.video_chat_started
import time:    111282 |     111282 |         aiogram.types.video_note
import time:    126855 |     126855 |         aiogram.types.voice
import time:    131451 |     131451 |         aiogram.types.web_app_data
import time:    123215 |     123215 |         aiogram.types.web_app_info
import time:     82868 |      82868 |         aiogram.types.webhook_info
import time:    101345 |     101345 |         aiogram.types.write_access_allowed
import time:   1613763 |   40247180 |       aiogram.types
import time:    145117 |     145117 |       aiogram.methods.base
import time:    170141 |   40566794 |     aiogram.methods.add_sticker_to_set
import time:    109915 |     109915 |     aiogram.methods.answer_callback_query
import time:    181425 |     181425 |     aiogram.methods.answer_inline_query
import time:    172859 |     172859 |     aiogram.methods.answer_pre_checkout_query
import time:    114499 |     114499 |     aiogram.methods.answer_shipping_query
import time:    107394 |     107394 |     aiogram.methods.answer_web_app_query
import time:    132564 |     132564 |     aiogram.methods.approve_chat_join_request
import time:    178403 |     178403 |     aiogram.methods.approve_suggested_post
import time:    147387 |     147387 |     aiogram.methods.ban_chat_member
import time:    107947 |     107947 |     aiogram.methods.ban_chat_sender_chat
import time:    132181 |     132181 |     aiogram.methods.close
import time:    138618 |     138618 |     aiogram.methods.close_forum_topic
import time:    113446 |     113446 |     aiogram.methods.close_general_forum_topic
import time:    112666 |     112666 |     aiogram.methods.convert_gift_to_stars
import time:    109321 |     109321 |     aiogram.methods.copy_message
import time:    125672 |     125672 |     aiogram.methods.copy_messages
import time:    100783 |     100783 |     aiogram.methods.create_chat_invite_link
import time:     70313 |      70313 |     aiogram.methods.create_chat_subscription_invite_link
import time:     85820 |      85820 |     aiogram.methods.create_forum_topic
import time:    106930 |     106930 |     aiogram.methods.create_invoice_link
import time:    122582 |     122582 |     aiogram.methods.create_new_sticker_set
import time:     95236 |      95236 |     aiogram.methods.decline_chat_join_request
import time:    101093 |     101093 |     aiogram.methods.decline_suggested_post
import time:    145299 |     145299 |     aiogram.methods.delete_business_messages
import time:     68412 |      68412 |     aiogram.methods.delete_chat_photo
import time:     70795 |      70795 |     aiogram.methods.delete_chat_sticker_set
import time:     80473 |      80473 |     aiogram.methods.delete_forum_topic
import time:     97881 |      97881 |     aiogram.methods.delete_message
import time:    244941 |     244941 |     aiogram.methods.delete_messages
import time:     93916 |      93916 |     aiogram.methods.delete_my_commands
import time:     89286 |      89286 |     aiogram.methods.delete_sticker_from_set
import time:    120863 |     120863 |     aiogram.methods.delete_sticker_set
import time:     66147 |      66147 |     aiogram.methods.delete_story
import time:    152539 |     152539 |     aiogram.methods.delete_webhook
import time:    219606 |     219606 |     aiogram.methods.edit_chat_invite_link
import time:     84035 |      84035 |     aiogram.methods.edit_chat_subscription_invite_link
import time:    100846 |     100846 |     aiogram.methods.edit_forum_topic
import time:    151093 |     151093 |     aiogram.methods.edit_general_forum_topic
import time:     77927 |      77927 |     aiogram.methods.edit_message_caption
import time:    114264 |     114264 |     aiogram.methods.edit_message_checklist
import time:     82847 |      82847 |     aiogram.methods.edit_message_live_location
import time:     76239 |      76239 |     aiogram.methods.edit_message_media
import time:     84122 |      84122 |     aiogram.methods.edit_message_reply_markup
import time:     64414 |      64414 |     aiogram.methods.edit_message_text
import time:    106514 |     106514 |     aiogram.methods.edit_story
import time:    104190 |     104190 |     aiogram.methods.edit_user_star_subscription
import time:    128418 |     128418 |     aiogram.methods.export_chat_invite_link
import time:    123770 |     123770 |     aiogram.methods.forward_message
import time:    143629 |     143629 |     aiogram.methods.forward_messages
import time:     86660 |      86660 |     aiogram.methods.get_available_gifts
import time:    117800 |     117800 |     aiogram.methods.get_business_account_gifts
import time:    100477 |     100477 |     aiogram.methods.get_business_account_star_balance
import time:     60894 |      60894 |     aiogram.methods.get_business_connection
import time:     60914 |      60914 |     aiogram.methods.get_chat
import time:     80097 |      80097 |     aiogram.methods.get_chat_administrators
import time:     90758 |      90758 |     aiogram.methods.get_chat_member
import time:    117123 |     117123 |     aiogram.methods.get_chat_member_count
import time:     45466 |      45466 |     aiogram.methods.get_chat_menu_button
import time:     77736 |      77736 |     aiogram.methods.get_custom_emoji_stickers
import time:     56642 |      56642 |     aiogram.methods.get_file
import time:     50783 |      50783 |     aiogram.methods.get_forum_topic_icon_stickers
import time:     38536 |      38536 |     aiogram.methods.get_game_high_scores
import time:     72270 |      72270 |     aiogram.methods.get_me
import time:     95640 |      95640 |     aiogram.methods.get_my_commands
import time:     92591 |      92591 |     aiogram.methods.get_my_default_administrator_rights
import time:     97511 |      97511 |     aiogram.methods.get_my_description
import time:     73850 |      73850 |     aiogram.methods.get_my_name
import time:     82660 |      82660 |     aiogram.methods.get_my_short_description
import time:     39384 |      39384 |     aiogram.methods.get_my_star_balance
import time:     85395 |      85395 |     aiogram.methods.get_star_transactions
import time:     69444 |      69444 |     aiogram.methods.get_sticker_set
import time:     58055 |      58055 |     aiogram.methods.get_updates
import time:     75918 |      75918 |     aiogram.methods.get_user_chat_boosts
import time:     85516 |      85516 |     aiogram.methods.get_user_profile_photos
import time:     76914 |      76914 |     aiogram.methods.get_webhook_info
import time:    102300 |     102300 |     aiogram.methods.gift_premium_subscription
import time:     65530 |      65530 |     aiogram.methods.hide_general_forum_topic
import time:     36875 |      36875 |     aiogram.methods.leave_chat
import time:     69806 |      69806 |     aiogram.methods.log_out
import time:    114968 |     114968 |     aiogram.methods.pin_chat_message
import time:    133937 |     133937 |     aiogram.methods.post_story
import time:     99395 |      99395 |     aiogram.methods.promote_chat_member
import time:    140030 |     140030 |     aiogram.methods.read_business_message
import time:    138969 |     138969 |     aiogram.methods.refund_star_payment
import time:     89200 |      89200 |     aiogram.methods.remove_business_account_profile_photo
import time:     90141 |      90141 |     aiogram.methods.remove_chat_verification
import time:    124164 |     124164 |     aiogram.methods.remove_user_verification
import time:    185315 |     185315 |     aiogram.methods.reopen_forum_topic
import time:     58159 |      58159 |     aiogram.methods.reopen_general_forum_topic
import time:     93769 |      93769 |     aiogram.methods.replace_sticker_in_set
import time:     86612 |      86612 |     aiogram.methods.restrict_chat_member
import time:     44823 |      44823 |     aiogram.methods.revoke_chat_invite_link
import time:    143515 |     143515 |     aiogram.methods.save_prepared_inline_message
import time:    132546 |     132546 |     aiogram.methods.send_animation
import time:    114414 |     114414 |     aiogram.methods.send_audio
import time:     95192 |      95192 |     aiogram.methods.send_chat_action
import time:     92644 |      92644 |     aiogram.methods.send_checklist
import time:    128341 |     128341 |     aiogram.methods.send_contact
import time:    101715 |     101715 |     aiogram.methods.send_dice
import time:    158510 |     158510 |     aiogram.methods.send_document
import time:    201591 |     201591 |     aiogram.methods.send_game
import time:    164370 |     164370 |     aiogram.methods.send_gift
import time:    141475 |     141475 |     aiogram.methods.send_invoice
import time:    180737 |     180737 |     aiogram.methods.send_location
import time:     98946 |      98946 |     aiogram.methods.send_media_group
import time:     55719 |      55719 |     aiogram.methods.send_message
import time:     82071 |      82071 |     aiogram.methods.send_paid_media
import time:     78808 |      78808 |     aiogram.methods.send_photo
import time:    139947 |     139947 |     aiogram.methods.send_poll
import time:     71982 |      71982 |     aiogram.methods.send_sticker
import time:     86283 |      86283 |     aiogram.methods.send_venue
import time:     69481 |      69481 |     aiogram.methods.send_video
import time:    123393 |     123393 |     aiogram.methods.send_video_note
import time:    108508 |     108508 |     aiogram.methods.send_voice
import time:    112045 |     112045 |     aiogram.methods.set_business_account_bio
import time:    126519 |     126519 |     aiogram.methods.set_business_account_gift_settings
import time:    127956 |     127956 |     aiogram.methods.set_business_account_name
import time:    166003 |     166003 |     aiogram.methods.set_business_account_profile_photo
import time:    105209 |     105209 |     aiogram.methods.set_business_account_username
import time:    104808 |     104808 |     aiogram.methods.set_chat_administrator_custom_title
import time:    129944 |     129944 |     aiogram.methods.set_chat_description
import time:    118549 |     118549 |     aiogram.methods.set_chat_menu_button
import time:    177881 |     177881 |     aiogram.methods.set_chat_permissions
import time:     51932 |      51932 |     aiogram.methods.set_chat_photo
import time:     98044 |      98044 |     aiogram.methods.set_chat_sticker_set
import time:    107110 |     107110 |     aiogram.methods.set_chat_title
import time:     72003 |      72003 |     aiogram.methods.set_custom_emoji_sticker_set_thumbnail
import time:     96877 |      96877 |     aiogram.methods.set_game_score
import time:     91919 |      91919 |     aiogram.methods.set_message_reaction
import time:    117692 |     117692 |     aiogram.methods.set_my_commands
import time:    132302 |     132302 |     aiogram.methods.set_my_default_administrator_rights
import time:     71372 |      71372 |     aiogram.methods.set_my_description
import time:     97351 |      97351 |     aiogram.methods.set_my_name
import time:     81564 |      81564 |     aiogram.methods.set_my_short_description
import time:     68719 |      68719 |     aiogram.methods.set_passport_data_errors
import time:     97796 |      97796 |     aiogram.methods.set_sticker_emoji_list
import time:     66804 |      66804 |     aiogram.methods.set_sticker_keywords
import time:     68729 |      68729 |     aiogram.methods.set_sticker_mask_position
import time:     55397 |      55397 |     aiogram.methods.set_sticker_position_in_set
import time:     93335 |      93335 |     aiogram.methods.set_sticker_set_thumbnail
import time:    124874 |     124874 |     aiogram.methods.set_sticker_set_title
import time:     93901 |      93901 |     aiogram.methods.set_user_emoji_status
import time:    107778 |     107778 |     aiogram.methods.set_webhook
import time:     60469 |      60469 |     aiogram.methods.stop_message_live_location
import time:    114524 |     114524 |     aiogram.methods.stop_poll
import time:     50602 |      50602 |     aiogram.methods.transfer_business_account_stars
import time:     46505 |      46505 |     aiogram.methods.transfer_gift
import time:     83401 |      83401 |     aiogram.methods.unban_chat_member
import time:     92793 |      92793 |     aiogram.methods.unban_chat_sender_chat
import time:     48631 |      48631 |     aiogram.methods.unhide_general_forum_topic
import time:     62428 |      62428 |     aiogram.methods.unpin_all_chat_messages
import time:    106667 |     106667 |     aiogram.methods.unpin_all_forum_topic_messages
import time:     79296 |      79296 |     aiogram.methods.unpin_all_general_forum_topic_messages
import time:     67531 |      67531 |     aiogram.methods.unpin_chat_message
import time:     52759 |      52759 |     aiogram.methods.upgrade_gift
import time:     60759 |      60759 |     aiogram.methods.upload_sticker_file
import time:     48749 |      48749 |     aiogram.methods.verify_chat
import time:     63636 |      63636 |     aiogram.methods.verify_user
import time:    123723 |   56486342 |   aiogram.methods
import time:     75713 |      75713 |   aiogram.__meta__
import time:    139028 |     139028 |   aiogram.client.session
import time:    105934 |     105934 |     aiogram.utils.token
import time:     85674 |      85674 |         certifi.core
import time:    271921 |     357594 |       certifi
import time:    106715 |     106715 |             multidict._abc
import time:     10909 |      10909 |                 _wmi
import time:     23130 |      34038 |               platform
import time:    109649 |     109649 |               multidict._multidict
import time:     37310 |     180997 |             multidict._compat
import time:    151881 |     439591 |           multidict
import time:     77959 |     517550 |         aiohttp.hdrs
import time:     12615 |      12615 |             _hashlib
import time:        55 |         55 |             _blake2
import time:      4410 |      17079 |           hashlib
import time:        44 |         44 |                 _json
import time:       383 |        427 |               json.scanner
import time:       538 |        964 |             json.decoder
import time:       435 |        435 |             json.encoder
import time:      9209 |      10606 |           json
import time:     92515 |      92515 |               attr._compat
import time:     15506 |      15506 |                 unicodedata
import time:    111065 |     111065 |                 attr._config
import time:    127593 |     127593 |                   attr.exceptions
import time:    103264 |     230856 |                 attr.setters
import time:    114808 |     472234 |               attr._make
import time:     83656 |     648405 |             attr.converters
import time:    105618 |     105618 |             attr.filters
import time:     65753 |      65753 |             attr.validators
import time:     54048 |      54048 |             attr._cmp
import time:     77386 |      77386 |             attr._funcs
import time:     60747 |      60747 |             attr._next_gen
import time:     65997 |      65997 |             attr._version_info
import time:     80818 |    1158770 |           attr
import time:     62350 |      62350 |                   yarl._quoting_c
import time:     66568 |     128918 |                 yarl._quoting
import time:     64712 |     193629 |               yarl._quoters
import time:     71263 |     264892 |             yarl._query
import time:     75144 |      75144 |                   idna.idnadata
import time:     67242 |      67242 |                   idna.intranges
import time:    153156 |     295541 |                 idna.core
import time:     38819 |      38819 |                 idna.package_data
import time:    228931 |     563291 |               idna
import time:    149082 |     149082 |                 propcache
import time:     49289 |      49289 |                   propcache._helpers_c
import time:    105426 |     154714 |                 propcache._helpers
import time:    182442 |     486237 |               propcache.api
import time:    107492 |     107492 |               yarl._parse
import time:    183995 |     183995 |               yarl._path
import time:    153824 |    1494837 |             yarl._url
import time:    240776 |    2000505 |           yarl
import time:     44766 |      44766 |             http
import time:    136488 |     136488 |               aiohttp.typedefs
import time:    133213 |     269701 |             aiohttp.http_exceptions
import time:     65583 |      65583 |                 aiohttp.client_exceptions
import time:      4018 |       4018 |                   netrc
import time:       583 |        583 |                     email.feedparser
import time:       294 |        876 |                   email.parser
import time:      1045 |       1045 |                     http.client
import time:       212 |        212 |                       urllib.response
import time:       236 |        448 |                     urllib.error
import time:     12188 |      12188 |                     nturl2path
import time:      1191 |      14872 |                   urllib.request
import time:     96676 |      96676 |                   aiohttp.log
import time:    299866 |     416306 |                 aiohttp.helpers
import time:    129627 |     129627 |                 aiohttp.tcp_helpers
import time:    142112 |     753626 |               aiohttp.base_protocol
import time:     42593 |      42593 |                 brotlicffi
import time:     31819 |      31819 |                 brotli
import time:     73524 |     147936 |               aiohttp.compression_utils
import time:       970 |        970 |                   http.cookies
import time:     98801 |      98801 |                   aiohttp._cookie_helpers
import time:    148496 |     248266 |                 aiohttp.abc
import time:    104460 |     104460 |                 aiohttp._http_writer
import time:    102062 |     454788 |               aiohttp.http_writer
import time:    115957 |     115957 |               aiohttp.streams
import time:    164871 |     164871 |               aiohttp._http_parser
import time:     95000 |    1732176 |             aiohttp.http_parser
import time:    143853 |     143853 |                 aiohttp._websocket
import time:     75919 |      75919 |                 aiohttp._websocket.models
import time:    102390 |     102390 |                 aiohttp._websocket.mask
import time:    189104 |     511265 |               aiohttp._websocket.helpers
import time:    101719 |     101719 |                 aiohttp._websocket.reader_c
import time:     89765 |     191484 |               aiohttp._websocket.reader
import time:    102764 |     102764 |               aiohttp._websocket.writer
import time:    114867 |     920378 |             aiohttp.http_websocket
import time:    135773 |    3102793 |           aiohttp.http
import time:      9266 |       9266 |             mimetypes
import time:    124696 |     133961 |           aiohttp.payload
import time:     99185 |      99185 |               aiohttp.multipart
import time:    113891 |     113891 |               aiohttp.formdata
import time:     91791 |     304866 |             aiohttp.client_reqrep
import time:     92374 |     397240 |           aiohttp.client_middlewares
import time:    180582 |     180582 |           aiohttp.client_ws
import time:     59151 |      59151 |                 aiohappyeyeballs._staggered
import time:    121986 |     121986 |                 aiohappyeyeballs.types
import time:    186839 |     367975 |               aiohappyeyeballs.impl
import time:     56239 |      56239 |               aiohappyeyeballs.utils
import time:    193584 |     617798 |             aiohappyeyeballs
import time:     64786 |      64786 |             aiohttp.client_proto
import time:     40067 |      40067 |               aiodns
import time:    269481 |     309547 |             aiohttp.resolver
import time:    140126 |    1132255 |           aiohttp.connector
import time:     21632 |      21632 |               _compat_pickle
import time:       206 |        206 |               _pickle
import time:     12059 |      33896 |             pickle
import time:    150196 |     184091 |           aiohttp.cookiejar
import time:    134098 |     134098 |                 frozenlist._frozenlist
import time:    139410 |     273508 |               frozenlist
import time:    109120 |     382627 |             aiosignal
import time:    116508 |     499135 |           aiohttp.tracing
import time:    120408 |    8937421 |         aiohttp.client
import time:    114440 |     114440 |         aiohttp.client_middleware_digest_auth
import time:     91365 |      91365 |         aiohttp.payload_streamer
import time:    166204 |    9826979 |       aiohttp
import time:    177527 |     177527 |       aiogram.exceptions
import time:     12246 |      12246 |           hmac
import time:      3480 |      15726 |         secrets
import time:     54613 |      54613 |         aiogram.client.telegram
import time:    195678 |     195678 |           aiogram.client.session.middlewares
import time:    112476 |     112476 |           aiogram.client.session.middlewares.base
import time:    340718 |     648871 |         aiogram.client.session.middlewares.manager
import time:    191136 |     910344 |       aiogram.client.session.base
import time:    136952 |   11409394 |     aiogram.client.session.aiohttp
import time:     70835 |   11586163 |   aiogram.client.bot
import time:    111074 |     111074 |     aiogram.loggers
import time:    209875 |     209875 |       aiogram.fsm
import time:    191321 |     191321 |         aiogram.dispatcher.middlewares
import time:    192989 |     384309 |       aiogram.dispatcher.middlewares.base
import time:     75494 |      75494 |       aiogram.dispatcher.middlewares.user_context
import time:    114905 |     114905 |           aiogram.fsm.storage
import time:    125200 |     125200 |           aiogram.fsm.state
import time:    210680 |     450785 |         aiogram.fsm.storage.base
import time:    134154 |     584939 |       aiogram.fsm.context
import time:    107242 |     107242 |       aiogram.fsm.strategy
import time:    184162 |    1546019 |     aiogram.fsm.middleware
import time:     54533 |      54533 |     aiogram.fsm.storage.memory
import time:    111981 |     111981 |     aiogram.utils.backoff
import time:    168068 |     168068 |       aiogram.dispatcher.event
import time:    143972 |     312039 |     aiogram.dispatcher.event.bases
import time:     98656 |      98656 |               aiogram.filters.base
import time:     61777 |      61777 |               aiogram.filters.chat_member_updated
import time:     90945 |      90945 |                   aiogram.utils.payload
import time:    111155 |     202099 |                 aiogram.utils.deep_linking
import time:     65701 |     267800 |               aiogram.filters.command
import time:    179521 |     179521 |               aiogram.filters.exception
import time:    100995 |     100995 |               aiogram.filters.logic
import time:     69217 |      69217 |               aiogram.filters.magic_data
import time:     88575 |      88575 |               aiogram.filters.state
import time:    208074 |    1074612 |             aiogram.filters
import time:        50 |    1074662 |           aiogram.filters.base
import time:    143907 |     143907 |             aiogram.handlers.base
import time:    153678 |     153678 |             aiogram.handlers.callback_query
import time:    122858 |     122858 |             aiogram.handlers.chat_member
import time:     82353 |      82353 |             aiogram.handlers.chosen_inline_result
import time:     86900 |      86900 |             aiogram.handlers.error
import time:     78001 |      78001 |             aiogram.handlers.inline_query
import time:     91781 |      91781 |             aiogram.handlers.message
import time:     56081 |      56081 |             aiogram.handlers.poll
import time:    123157 |     123157 |             aiogram.handlers.pre_checkout_query
import time:     97483 |      97483 |             aiogram.handlers.shipping_query
import time:    174041 |    1210236 |           aiogram.handlers
import time:    230810 |     230810 |           aiogram.utils.magic_filter
import time:    123068 |     123068 |           aiogram.utils.warnings
import time:     93517 |    2732291 |         aiogram.dispatcher.event.handler
import time:     91605 |    2823896 |       aiogram.dispatcher.middlewares.manager
import time:    145072 |    2968967 |     aiogram.dispatcher.event.telegram
import time:    118516 |     118516 |     aiogram.dispatcher.middlewares.error
import time:    115306 |     115306 |       aiogram.dispatcher.event.event
import time:    157778 |     273083 |     aiogram.dispatcher.router
import time:    100245 |    5596453 |   aiogram.dispatcher.dispatcher
import time:     85379 |      85379 |   uvloop
import time:    191711 |   79637392 | aiogram
